<?xml version="1.0" encoding="UTF-8"?>
<testsuite name="basic registration Nominapp SVPyme" tests="1" skipped="0" failures="0" errors="0" timestamp="2020-01-16T15:06:01" hostname="AMAFVFXWHNRHV29" time="125.277">
  <properties/>
  <testcase name="Basic register TC1, Successful case" classname="basic registration Nominapp SVPyme" time="125.277"/>
  <system-out><![CDATA[


3






0
















]]></system-out>
  <system-err><![CDATA[ene 16, 2020 10:06:01 AM org.openqa.selenium.remote.DesiredCapabilities chrome
INFORMACIÓN: Using `new ChromeOptions()` is preferred to `DesiredCapabilities.chrome()`
Starting ChromeDriver 79.0.3945.36 (3582db32b33893869b8c1339e8f4d9ed1816f143-refs/branch-heads/3945@{#614}) on port 40939
Only local connections are allowed.
Please protect ports used by ChromeDriver and related test frameworks to prevent access by malicious code.
ene 16, 2020 10:06:03 AM org.openqa.selenium.remote.ProtocolHandshake createSession
INFORMACIÓN: Detected dialect: W3C
[Test worker] INFO net.thucydides.core.steps.ConsoleLoggingListener - 
        __    _____ _____ ____ _____   ____   _    ____  ____  _____ ____  
  _     \ \  |_   _| ____/ ___|_   _| |  _ \ / \  / ___|/ ___|| ____|  _ \ 
 (_)_____| |   | | |  _| \___ \ | |   | |_) / _ \ \___ \\___ \|  _| | | | |
  _|_____| |   | | | |___ ___) || |   |  __/ ___ \ ___) |___) | |___| |_| |
 (_)     | |   |_| |_____|____/ |_|   |_| /_/   \_\____/|____/|_____|____/ 
        /_/                                                                

TEST PASSED: Basic register TC1, Successful case
----------------------------------------------------------------------------
]]></system-err>
</testsuite>
